-- Install configuration: ""
-- Execute custom install script
-- Up-to-date symlink: /home/omen/projet_robotique/install/tugbot_slam/share/tugbot_slam//launch/slam_toolbox.launch.py
-- Up-to-date symlink: /home/omen/projet_robotique/install/tugbot_slam/share/tugbot_slam//config/mapper_params_offline.yaml
-- Up-to-date symlink: /home/omen/projet_robotique/install/tugbot_slam/share/tugbot_slam//rviz/default.rviz
-- Up-to-date symlink: /home/omen/projet_robotique/install/tugbot_slam/share/ament_index/resource_index/package_run_dependencies/tugbot_slam
-- Up-to-date symlink: /home/omen/projet_robotique/install/tugbot_slam/share/ament_index/resource_index/parent_prefix_path/tugbot_slam
-- Up-to-date symlink: /home/omen/projet_robotique/install/tugbot_slam/share/tugbot_slam/environment/ament_prefix_path.sh
-- Up-to-date symlink: /home/omen/projet_robotique/install/tugbot_slam/share/tugbot_slam/environment/ament_prefix_path.dsv
-- Up-to-date symlink: /home/omen/projet_robotique/install/tugbot_slam/share/tugbot_slam/environment/path.sh
-- Up-to-date symlink: /home/omen/projet_robotique/install/tugbot_slam/share/tugbot_slam/environment/path.dsv
-- Up-to-date symlink: /home/omen/projet_robotique/install/tugbot_slam/share/tugbot_slam/local_setup.bash
-- Up-to-date symlink: /home/omen/projet_robotique/install/tugbot_slam/share/tugbot_slam/local_setup.sh
-- Up-to-date symlink: /home/omen/projet_robotique/install/tugbot_slam/share/tugbot_slam/local_setup.zsh
-- Up-to-date symlink: /home/omen/projet_robotique/install/tugbot_slam/share/tugbot_slam/local_setup.dsv
-- Up-to-date symlink: /home/omen/projet_robotique/install/tugbot_slam/share/tugbot_slam/package.dsv
-- Up-to-date symlink: /home/omen/projet_robotique/install/tugbot_slam/share/ament_index/resource_index/packages/tugbot_slam
-- Up-to-date symlink: /home/omen/projet_robotique/install/tugbot_slam/share/tugbot_slam/cmake/tugbot_slamConfig.cmake
-- Up-to-date symlink: /home/omen/projet_robotique/install/tugbot_slam/share/tugbot_slam/cmake/tugbot_slamConfig-version.cmake
-- Up-to-date symlink: /home/omen/projet_robotique/install/tugbot_slam/share/tugbot_slam/package.xml
