[0.019s] Invoking command in '/home/omen/projet_robotique/build/tugbot_slam': CMAKE_PREFIX_PATH=${CMAKE_PREFIX_PATH}:/opt/ros/jazzy DEBUGINFOD_URLS=https://debuginfod.ubuntu.com /usr/bin/cmake --build /home/omen/projet_robotique/build/tugbot_slam -- -j16 -l16
[0.103s] Invoked command in '/home/omen/projet_robotique/build/tugbot_slam' returned '0': CMAKE_PREFIX_PATH=${CMAKE_PREFIX_PATH}:/opt/ros/jazzy DEBUGINFOD_URLS=https://debuginfod.ubuntu.com /usr/bin/cmake --build /home/omen/projet_robotique/build/tugbot_slam -- -j16 -l16
[0.104s] Invoking command in '/home/omen/projet_robotique/build/tugbot_slam': CMAKE_PREFIX_PATH=${CMAKE_PREFIX_PATH}:/opt/ros/jazzy DEBUGINFOD_URLS=https://debuginfod.ubuntu.com /usr/bin/cmake --install /home/omen/projet_robotique/build/tugbot_slam
[0.118s] -- Install configuration: ""
[0.119s] -- Execute custom install script
[0.121s] -- Up-to-date symlink: /home/omen/projet_robotique/install/tugbot_slam/share/tugbot_slam//launch/slam_toolbox.launch.py
[0.121s] -- Up-to-date symlink: /home/omen/projet_robotique/install/tugbot_slam/share/tugbot_slam//config/mapper_params_offline.yaml
[0.122s] -- Up-to-date symlink: /home/omen/projet_robotique/install/tugbot_slam/share/tugbot_slam//rviz/default.rviz
[0.122s] -- Up-to-date symlink: /home/omen/projet_robotique/install/tugbot_slam/share/ament_index/resource_index/package_run_dependencies/tugbot_slam
[0.123s] -- Up-to-date symlink: /home/omen/projet_robotique/install/tugbot_slam/share/ament_index/resource_index/parent_prefix_path/tugbot_slam
[0.123s] -- Up-to-date symlink: /home/omen/projet_robotique/install/tugbot_slam/share/tugbot_slam/environment/ament_prefix_path.sh
[0.123s] -- Up-to-date symlink: /home/omen/projet_robotique/install/tugbot_slam/share/tugbot_slam/environment/ament_prefix_path.dsv
[0.123s] -- Up-to-date symlink: /home/omen/projet_robotique/install/tugbot_slam/share/tugbot_slam/environment/path.sh
[0.124s] -- Up-to-date symlink: /home/omen/projet_robotique/install/tugbot_slam/share/tugbot_slam/environment/path.dsv
[0.124s] -- Up-to-date symlink: /home/omen/projet_robotique/install/tugbot_slam/share/tugbot_slam/local_setup.bash
[0.124s] -- Up-to-date symlink: /home/omen/projet_robotique/install/tugbot_slam/share/tugbot_slam/local_setup.sh
[0.124s] -- Up-to-date symlink: /home/omen/projet_robotique/install/tugbot_slam/share/tugbot_slam/local_setup.zsh
[0.124s] -- Up-to-date symlink: /home/omen/projet_robotique/install/tugbot_slam/share/tugbot_slam/local_setup.dsv
[0.124s] -- Up-to-date symlink: /home/omen/projet_robotique/install/tugbot_slam/share/tugbot_slam/package.dsv
[0.124s] -- Up-to-date symlink: /home/omen/projet_robotique/install/tugbot_slam/share/ament_index/resource_index/packages/tugbot_slam
[0.124s] -- Up-to-date symlink: /home/omen/projet_robotique/install/tugbot_slam/share/tugbot_slam/cmake/tugbot_slamConfig.cmake
[0.124s] -- Up-to-date symlink: /home/omen/projet_robotique/install/tugbot_slam/share/tugbot_slam/cmake/tugbot_slamConfig-version.cmake
[0.125s] -- Up-to-date symlink: /home/omen/projet_robotique/install/tugbot_slam/share/tugbot_slam/package.xml
[0.157s] Invoked command in '/home/omen/projet_robotique/build/tugbot_slam' returned '0': CMAKE_PREFIX_PATH=${CMAKE_PREFIX_PATH}:/opt/ros/jazzy DEBUGINFOD_URLS=https://debuginfod.ubuntu.com /usr/bin/cmake --install /home/omen/projet_robotique/build/tugbot_slam
