[0.019s] Invoking command in '/home/omen/projet_robotique/build/tugbot_navigation2': CMAKE_PREFIX_PATH=${CMAKE_PREFIX_PATH}:/opt/ros/jazzy DEBUGINFOD_URLS=https://debuginfod.ubuntu.com /usr/bin/cmake --build /home/omen/projet_robotique/build/tugbot_navigation2 -- -j16 -l16
[0.108s] Invoked command in '/home/omen/projet_robotique/build/tugbot_navigation2' returned '0': CMAKE_PREFIX_PATH=${CMAKE_PREFIX_PATH}:/opt/ros/jazzy DEBUGINFOD_URLS=https://debuginfod.ubuntu.com /usr/bin/cmake --build /home/omen/projet_robotique/build/tugbot_navigation2 -- -j16 -l16
[0.109s] Invoking command in '/home/omen/projet_robotique/build/tugbot_navigation2': CMAKE_PREFIX_PATH=${CMAKE_PREFIX_PATH}:/opt/ros/jazzy DEBUGINFOD_URLS=https://debuginfod.ubuntu.com /usr/bin/cmake --install /home/omen/projet_robotique/build/tugbot_navigation2
[0.123s] -- Install configuration: ""
[0.124s] -- Execute custom install script
[0.126s] -- Up-to-date symlink: /home/omen/projet_robotique/install/tugbot_navigation2/share/tugbot_navigation2//launch/navigation2.launch.py
[0.126s] -- Up-to-date symlink: /home/omen/projet_robotique/install/tugbot_navigation2/share/tugbot_navigation2//config/navigation2.yaml
[0.126s] -- Up-to-date symlink: /home/omen/projet_robotique/install/tugbot_navigation2/share/tugbot_navigation2//rviz/nav2.rviz
[0.127s] -- Symlinking: /home/omen/projet_robotique/install/tugbot_navigation2/share/tugbot_navigation2//scripts/save_map.sh
[0.145s] -- Symlinking: /home/omen/projet_robotique/install/tugbot_navigation2/share/ament_index/resource_index/package_run_dependencies/tugbot_navigation2
[0.166s] -- Symlinking: /home/omen/projet_robotique/install/tugbot_navigation2/share/ament_index/resource_index/parent_prefix_path/tugbot_navigation2
[0.181s] -- Symlinking: /home/omen/projet_robotique/install/tugbot_navigation2/share/tugbot_navigation2/environment/ament_prefix_path.sh
[0.198s] -- Symlinking: /home/omen/projet_robotique/install/tugbot_navigation2/share/tugbot_navigation2/environment/ament_prefix_path.dsv
[0.220s] -- Symlinking: /home/omen/projet_robotique/install/tugbot_navigation2/share/tugbot_navigation2/environment/path.sh
[0.239s] -- Symlinking: /home/omen/projet_robotique/install/tugbot_navigation2/share/tugbot_navigation2/environment/path.dsv
[0.258s] -- Symlinking: /home/omen/projet_robotique/install/tugbot_navigation2/share/tugbot_navigation2/local_setup.bash
[0.281s] -- Symlinking: /home/omen/projet_robotique/install/tugbot_navigation2/share/tugbot_navigation2/local_setup.sh
[0.298s] -- Symlinking: /home/omen/projet_robotique/install/tugbot_navigation2/share/tugbot_navigation2/local_setup.zsh
[0.318s] -- Symlinking: /home/omen/projet_robotique/install/tugbot_navigation2/share/tugbot_navigation2/local_setup.dsv
[0.338s] -- Symlinking: /home/omen/projet_robotique/install/tugbot_navigation2/share/tugbot_navigation2/package.dsv
[0.362s] -- Symlinking: /home/omen/projet_robotique/install/tugbot_navigation2/share/ament_index/resource_index/packages/tugbot_navigation2
[0.384s] -- Symlinking: /home/omen/projet_robotique/install/tugbot_navigation2/share/tugbot_navigation2/cmake/tugbot_navigation2Config.cmake
[0.408s] -- Symlinking: /home/omen/projet_robotique/install/tugbot_navigation2/share/tugbot_navigation2/cmake/tugbot_navigation2Config-version.cmake
[0.430s] -- Symlinking: /home/omen/projet_robotique/install/tugbot_navigation2/share/tugbot_navigation2/package.xml
[0.456s] Invoked command in '/home/omen/projet_robotique/build/tugbot_navigation2' returned '0': CMAKE_PREFIX_PATH=${CMAKE_PREFIX_PATH}:/opt/ros/jazzy DEBUGINFOD_URLS=https://debuginfod.ubuntu.com /usr/bin/cmake --install /home/omen/projet_robotique/build/tugbot_navigation2
