[0.110s] DEBUG:colcon:Command line arguments: ['/usr/bin/colcon', 'build', '--symlink-install']
[0.110s] DEBUG:colcon:Parsed command line arguments: Namespace(log_base=None, log_level=None, verb_name='build', build_base='build', install_base='install', merge_install=False, symlink_install=True, test_result_base=None, continue_on_error=False, executor='parallel', parallel_workers=16, event_handlers=None, ignore_user_meta=False, metas=['./colcon.meta'], base_paths=['.'], packages_ignore=None, packages_ignore_regex=None, paths=None, packages_up_to=None, packages_up_to_regex=None, packages_above=None, packages_above_and_dependencies=None, packages_above_depth=None, packages_select_by_dep=None, packages_skip_by_dep=None, packages_skip_up_to=None, packages_select_build_failed=False, packages_skip_build_finished=False, packages_select_test_failures=False, packages_skip_test_passed=False, packages_select=None, packages_skip=None, packages_select_regex=None, packages_skip_regex=None, packages_start=None, packages_end=None, allow_overriding=[], cmake_args=None, cmake_target=None, cmake_target_skip_unavailable=False, cmake_clean_cache=False, cmake_clean_first=False, cmake_force_configure=False, ament_cmake_args=None, catkin_cmake_args=None, catkin_skip_building_tests=False, verb_parser=<colcon_defaults.argument_parser.defaults.DefaultArgumentsDecorator object at 0x7f002d06a6f0>, verb_extension=<colcon_core.verb.build.BuildVerb object at 0x7f002d06a540>, main=<bound method BuildVerb.main of <colcon_core.verb.build.BuildVerb object at 0x7f002d06a540>>)
[0.148s] Level 1:colcon.colcon_core.package_discovery:discover_packages(colcon_meta) check parameters
[0.148s] Level 1:colcon.colcon_core.package_discovery:discover_packages(recursive) check parameters
[0.148s] Level 1:colcon.colcon_core.package_discovery:discover_packages(ignore) check parameters
[0.148s] Level 1:colcon.colcon_core.package_discovery:discover_packages(path) check parameters
[0.148s] Level 1:colcon.colcon_core.package_discovery:discover_packages(colcon_meta) discover
[0.149s] Level 1:colcon.colcon_core.package_discovery:discover_packages(recursive) discover
[0.149s] INFO:colcon.colcon_core.package_discovery:Crawling recursively for packages in '/home/omen/projet_robotique'
[0.149s] Level 1:colcon.colcon_core.package_identification:_identify(.) by extensions ['ignore', 'ignore_ament_install']
[0.149s] Level 1:colcon.colcon_core.package_identification:_identify(.) by extension 'ignore'
[0.149s] Level 1:colcon.colcon_core.package_identification:_identify(.) by extension 'ignore_ament_install'
[0.149s] Level 1:colcon.colcon_core.package_identification:_identify(.) by extensions ['colcon_pkg']
[0.149s] Level 1:colcon.colcon_core.package_identification:_identify(.) by extension 'colcon_pkg'
[0.149s] Level 1:colcon.colcon_core.package_identification:_identify(.) by extensions ['colcon_meta']
[0.149s] Level 1:colcon.colcon_core.package_identification:_identify(.) by extension 'colcon_meta'
[0.149s] Level 1:colcon.colcon_core.package_identification:_identify(.) by extensions ['ros']
[0.149s] Level 1:colcon.colcon_core.package_identification:_identify(.) by extension 'ros'
[0.175s] Level 1:colcon.colcon_core.package_identification:_identify(.) by extensions ['cmake', 'python']
[0.175s] Level 1:colcon.colcon_core.package_identification:_identify(.) by extension 'cmake'
[0.175s] Level 1:colcon.colcon_core.package_identification:_identify(.) by extension 'python'
[0.175s] Level 1:colcon.colcon_core.package_identification:_identify(.) by extensions ['python_setup_py']
[0.175s] Level 1:colcon.colcon_core.package_identification:_identify(.) by extension 'python_setup_py'
[0.175s] Level 1:colcon.colcon_core.package_identification:_identify(build) by extensions ['ignore', 'ignore_ament_install']
[0.175s] Level 1:colcon.colcon_core.package_identification:_identify(build) by extension 'ignore'
[0.175s] Level 1:colcon.colcon_core.package_identification:_identify(build) ignored
[0.175s] Level 1:colcon.colcon_core.package_identification:_identify(install) by extensions ['ignore', 'ignore_ament_install']
[0.175s] Level 1:colcon.colcon_core.package_identification:_identify(install) by extension 'ignore'
[0.175s] Level 1:colcon.colcon_core.package_identification:_identify(install) ignored
[0.175s] Level 1:colcon.colcon_core.package_identification:_identify(log) by extensions ['ignore', 'ignore_ament_install']
[0.176s] Level 1:colcon.colcon_core.package_identification:_identify(log) by extension 'ignore'
[0.176s] Level 1:colcon.colcon_core.package_identification:_identify(log) ignored
[0.176s] Level 1:colcon.colcon_core.package_identification:_identify(src) by extensions ['ignore', 'ignore_ament_install']
[0.176s] Level 1:colcon.colcon_core.package_identification:_identify(src) by extension 'ignore'
[0.176s] Level 1:colcon.colcon_core.package_identification:_identify(src) by extension 'ignore_ament_install'
[0.176s] Level 1:colcon.colcon_core.package_identification:_identify(src) by extensions ['colcon_pkg']
[0.176s] Level 1:colcon.colcon_core.package_identification:_identify(src) by extension 'colcon_pkg'
[0.176s] Level 1:colcon.colcon_core.package_identification:_identify(src) by extensions ['colcon_meta']
[0.176s] Level 1:colcon.colcon_core.package_identification:_identify(src) by extension 'colcon_meta'
[0.176s] Level 1:colcon.colcon_core.package_identification:_identify(src) by extensions ['ros']
[0.176s] Level 1:colcon.colcon_core.package_identification:_identify(src) by extension 'ros'
[0.176s] Level 1:colcon.colcon_core.package_identification:_identify(src) by extensions ['cmake', 'python']
[0.176s] Level 1:colcon.colcon_core.package_identification:_identify(src) by extension 'cmake'
[0.176s] Level 1:colcon.colcon_core.package_identification:_identify(src) by extension 'python'
[0.176s] Level 1:colcon.colcon_core.package_identification:_identify(src) by extensions ['python_setup_py']
[0.176s] Level 1:colcon.colcon_core.package_identification:_identify(src) by extension 'python_setup_py'
[0.176s] Level 1:colcon.colcon_core.package_identification:_identify(src/tugbot_description) by extensions ['ignore', 'ignore_ament_install']
[0.176s] Level 1:colcon.colcon_core.package_identification:_identify(src/tugbot_description) by extension 'ignore'
[0.176s] Level 1:colcon.colcon_core.package_identification:_identify(src/tugbot_description) by extension 'ignore_ament_install'
[0.176s] Level 1:colcon.colcon_core.package_identification:_identify(src/tugbot_description) by extensions ['colcon_pkg']
[0.176s] Level 1:colcon.colcon_core.package_identification:_identify(src/tugbot_description) by extension 'colcon_pkg'
[0.176s] Level 1:colcon.colcon_core.package_identification:_identify(src/tugbot_description) by extensions ['colcon_meta']
[0.176s] Level 1:colcon.colcon_core.package_identification:_identify(src/tugbot_description) by extension 'colcon_meta'
[0.176s] Level 1:colcon.colcon_core.package_identification:_identify(src/tugbot_description) by extensions ['ros']
[0.176s] Level 1:colcon.colcon_core.package_identification:_identify(src/tugbot_description) by extension 'ros'
[0.179s] DEBUG:colcon.colcon_core.package_identification:Package 'src/tugbot_description' with type 'ros.ament_cmake' and name 'tugbot_description'
[0.179s] Level 1:colcon.colcon_core.package_identification:_identify(src/tugbot_gazebo) by extensions ['ignore', 'ignore_ament_install']
[0.180s] Level 1:colcon.colcon_core.package_identification:_identify(src/tugbot_gazebo) by extension 'ignore'
[0.180s] Level 1:colcon.colcon_core.package_identification:_identify(src/tugbot_gazebo) by extension 'ignore_ament_install'
[0.180s] Level 1:colcon.colcon_core.package_identification:_identify(src/tugbot_gazebo) by extensions ['colcon_pkg']
[0.180s] Level 1:colcon.colcon_core.package_identification:_identify(src/tugbot_gazebo) by extension 'colcon_pkg'
[0.180s] Level 1:colcon.colcon_core.package_identification:_identify(src/tugbot_gazebo) by extensions ['colcon_meta']
[0.180s] Level 1:colcon.colcon_core.package_identification:_identify(src/tugbot_gazebo) by extension 'colcon_meta'
[0.180s] Level 1:colcon.colcon_core.package_identification:_identify(src/tugbot_gazebo) by extensions ['ros']
[0.180s] Level 1:colcon.colcon_core.package_identification:_identify(src/tugbot_gazebo) by extension 'ros'
[0.180s] DEBUG:colcon.colcon_core.package_identification:Package 'src/tugbot_gazebo' with type 'ros.ament_cmake' and name 'tugbot_gazebo'
[0.180s] Level 1:colcon.colcon_core.package_identification:_identify(src/tugbot_navigation2) by extensions ['ignore', 'ignore_ament_install']
[0.180s] Level 1:colcon.colcon_core.package_identification:_identify(src/tugbot_navigation2) by extension 'ignore'
[0.180s] Level 1:colcon.colcon_core.package_identification:_identify(src/tugbot_navigation2) by extension 'ignore_ament_install'
[0.180s] Level 1:colcon.colcon_core.package_identification:_identify(src/tugbot_navigation2) by extensions ['colcon_pkg']
[0.180s] Level 1:colcon.colcon_core.package_identification:_identify(src/tugbot_navigation2) by extension 'colcon_pkg'
[0.180s] Level 1:colcon.colcon_core.package_identification:_identify(src/tugbot_navigation2) by extensions ['colcon_meta']
[0.180s] Level 1:colcon.colcon_core.package_identification:_identify(src/tugbot_navigation2) by extension 'colcon_meta'
[0.180s] Level 1:colcon.colcon_core.package_identification:_identify(src/tugbot_navigation2) by extensions ['ros']
[0.180s] Level 1:colcon.colcon_core.package_identification:_identify(src/tugbot_navigation2) by extension 'ros'
[0.181s] DEBUG:colcon.colcon_core.package_identification:Package 'src/tugbot_navigation2' with type 'ros.ament_cmake' and name 'tugbot_navigation2'
[0.181s] Level 1:colcon.colcon_core.package_identification:_identify(src/tugbot_slam) by extensions ['ignore', 'ignore_ament_install']
[0.181s] Level 1:colcon.colcon_core.package_identification:_identify(src/tugbot_slam) by extension 'ignore'
[0.181s] Level 1:colcon.colcon_core.package_identification:_identify(src/tugbot_slam) by extension 'ignore_ament_install'
[0.181s] Level 1:colcon.colcon_core.package_identification:_identify(src/tugbot_slam) by extensions ['colcon_pkg']
[0.181s] Level 1:colcon.colcon_core.package_identification:_identify(src/tugbot_slam) by extension 'colcon_pkg'
[0.181s] Level 1:colcon.colcon_core.package_identification:_identify(src/tugbot_slam) by extensions ['colcon_meta']
[0.181s] Level 1:colcon.colcon_core.package_identification:_identify(src/tugbot_slam) by extension 'colcon_meta'
[0.181s] Level 1:colcon.colcon_core.package_identification:_identify(src/tugbot_slam) by extensions ['ros']
[0.181s] Level 1:colcon.colcon_core.package_identification:_identify(src/tugbot_slam) by extension 'ros'
[0.182s] DEBUG:colcon.colcon_core.package_identification:Package 'src/tugbot_slam' with type 'ros.ament_cmake' and name 'tugbot_slam'
[0.182s] Level 1:colcon.colcon_core.package_discovery:discover_packages(recursive) using defaults
[0.182s] Level 1:colcon.colcon_core.package_discovery:discover_packages(ignore) discover
[0.182s] Level 1:colcon.colcon_core.package_discovery:discover_packages(ignore) using defaults
[0.182s] Level 1:colcon.colcon_core.package_discovery:discover_packages(path) discover
[0.182s] Level 1:colcon.colcon_core.package_discovery:discover_packages(path) using defaults
[0.197s] Level 1:colcon.colcon_core.package_discovery:discover_packages(prefix_path) check parameters
[0.197s] Level 1:colcon.colcon_core.package_discovery:discover_packages(prefix_path) discover
[0.198s] DEBUG:colcon.colcon_installed_package_information.package_discovery:Found 1 installed packages in /home/omen/projet_robotique/install
[0.199s] DEBUG:colcon.colcon_installed_package_information.package_discovery:Found 0 installed packages in /home/omen/visual_robot/install
[0.199s] DEBUG:colcon.colcon_installed_package_information.package_discovery:Found 1 installed packages in /home/omen/projet_final/install
[0.200s] DEBUG:colcon.colcon_installed_package_information.package_discovery:Found 407 installed packages in /opt/ros/jazzy
[0.201s] Level 1:colcon.colcon_core.package_discovery:discover_packages(prefix_path) using defaults
[0.238s] Level 5:colcon.colcon_core.verb:set package 'tugbot_description' build argument 'cmake_args' from command line to 'None'
[0.238s] Level 5:colcon.colcon_core.verb:set package 'tugbot_description' build argument 'cmake_target' from command line to 'None'
[0.238s] Level 5:colcon.colcon_core.verb:set package 'tugbot_description' build argument 'cmake_target_skip_unavailable' from command line to 'False'
[0.238s] Level 5:colcon.colcon_core.verb:set package 'tugbot_description' build argument 'cmake_clean_cache' from command line to 'False'
[0.238s] Level 5:colcon.colcon_core.verb:set package 'tugbot_description' build argument 'cmake_clean_first' from command line to 'False'
[0.238s] Level 5:colcon.colcon_core.verb:set package 'tugbot_description' build argument 'cmake_force_configure' from command line to 'False'
[0.238s] Level 5:colcon.colcon_core.verb:set package 'tugbot_description' build argument 'ament_cmake_args' from command line to 'None'
[0.238s] Level 5:colcon.colcon_core.verb:set package 'tugbot_description' build argument 'catkin_cmake_args' from command line to 'None'
[0.238s] Level 5:colcon.colcon_core.verb:set package 'tugbot_description' build argument 'catkin_skip_building_tests' from command line to 'False'
[0.238s] DEBUG:colcon.colcon_core.verb:Building package 'tugbot_description' with the following arguments: {'ament_cmake_args': None, 'build_base': '/home/omen/projet_robotique/build/tugbot_description', 'catkin_cmake_args': None, 'catkin_skip_building_tests': False, 'cmake_args': None, 'cmake_clean_cache': False, 'cmake_clean_first': False, 'cmake_force_configure': False, 'cmake_target': None, 'cmake_target_skip_unavailable': False, 'install_base': '/home/omen/projet_robotique/install/tugbot_description', 'merge_install': False, 'path': '/home/omen/projet_robotique/src/tugbot_description', 'symlink_install': True, 'test_result_base': None}
[0.238s] Level 5:colcon.colcon_core.verb:set package 'tugbot_gazebo' build argument 'cmake_args' from command line to 'None'
[0.238s] Level 5:colcon.colcon_core.verb:set package 'tugbot_gazebo' build argument 'cmake_target' from command line to 'None'
[0.238s] Level 5:colcon.colcon_core.verb:set package 'tugbot_gazebo' build argument 'cmake_target_skip_unavailable' from command line to 'False'
[0.238s] Level 5:colcon.colcon_core.verb:set package 'tugbot_gazebo' build argument 'cmake_clean_cache' from command line to 'False'
[0.238s] Level 5:colcon.colcon_core.verb:set package 'tugbot_gazebo' build argument 'cmake_clean_first' from command line to 'False'
[0.238s] Level 5:colcon.colcon_core.verb:set package 'tugbot_gazebo' build argument 'cmake_force_configure' from command line to 'False'
[0.238s] Level 5:colcon.colcon_core.verb:set package 'tugbot_gazebo' build argument 'ament_cmake_args' from command line to 'None'
[0.238s] Level 5:colcon.colcon_core.verb:set package 'tugbot_gazebo' build argument 'catkin_cmake_args' from command line to 'None'
[0.238s] Level 5:colcon.colcon_core.verb:set package 'tugbot_gazebo' build argument 'catkin_skip_building_tests' from command line to 'False'
[0.238s] DEBUG:colcon.colcon_core.verb:Building package 'tugbot_gazebo' with the following arguments: {'ament_cmake_args': None, 'build_base': '/home/omen/projet_robotique/build/tugbot_gazebo', 'catkin_cmake_args': None, 'catkin_skip_building_tests': False, 'cmake_args': None, 'cmake_clean_cache': False, 'cmake_clean_first': False, 'cmake_force_configure': False, 'cmake_target': None, 'cmake_target_skip_unavailable': False, 'install_base': '/home/omen/projet_robotique/install/tugbot_gazebo', 'merge_install': False, 'path': '/home/omen/projet_robotique/src/tugbot_gazebo', 'symlink_install': True, 'test_result_base': None}
[0.239s] Level 5:colcon.colcon_core.verb:set package 'tugbot_navigation2' build argument 'cmake_args' from command line to 'None'
[0.239s] Level 5:colcon.colcon_core.verb:set package 'tugbot_navigation2' build argument 'cmake_target' from command line to 'None'
[0.239s] Level 5:colcon.colcon_core.verb:set package 'tugbot_navigation2' build argument 'cmake_target_skip_unavailable' from command line to 'False'
[0.239s] Level 5:colcon.colcon_core.verb:set package 'tugbot_navigation2' build argument 'cmake_clean_cache' from command line to 'False'
[0.239s] Level 5:colcon.colcon_core.verb:set package 'tugbot_navigation2' build argument 'cmake_clean_first' from command line to 'False'
[0.239s] Level 5:colcon.colcon_core.verb:set package 'tugbot_navigation2' build argument 'cmake_force_configure' from command line to 'False'
[0.239s] Level 5:colcon.colcon_core.verb:set package 'tugbot_navigation2' build argument 'ament_cmake_args' from command line to 'None'
[0.239s] Level 5:colcon.colcon_core.verb:set package 'tugbot_navigation2' build argument 'catkin_cmake_args' from command line to 'None'
[0.239s] Level 5:colcon.colcon_core.verb:set package 'tugbot_navigation2' build argument 'catkin_skip_building_tests' from command line to 'False'
[0.239s] DEBUG:colcon.colcon_core.verb:Building package 'tugbot_navigation2' with the following arguments: {'ament_cmake_args': None, 'build_base': '/home/omen/projet_robotique/build/tugbot_navigation2', 'catkin_cmake_args': None, 'catkin_skip_building_tests': False, 'cmake_args': None, 'cmake_clean_cache': False, 'cmake_clean_first': False, 'cmake_force_configure': False, 'cmake_target': None, 'cmake_target_skip_unavailable': False, 'install_base': '/home/omen/projet_robotique/install/tugbot_navigation2', 'merge_install': False, 'path': '/home/omen/projet_robotique/src/tugbot_navigation2', 'symlink_install': True, 'test_result_base': None}
[0.239s] Level 5:colcon.colcon_core.verb:set package 'tugbot_slam' build argument 'cmake_args' from command line to 'None'
[0.239s] Level 5:colcon.colcon_core.verb:set package 'tugbot_slam' build argument 'cmake_target' from command line to 'None'
[0.239s] Level 5:colcon.colcon_core.verb:set package 'tugbot_slam' build argument 'cmake_target_skip_unavailable' from command line to 'False'
[0.239s] Level 5:colcon.colcon_core.verb:set package 'tugbot_slam' build argument 'cmake_clean_cache' from command line to 'False'
[0.239s] Level 5:colcon.colcon_core.verb:set package 'tugbot_slam' build argument 'cmake_clean_first' from command line to 'False'
[0.239s] Level 5:colcon.colcon_core.verb:set package 'tugbot_slam' build argument 'cmake_force_configure' from command line to 'False'
[0.239s] Level 5:colcon.colcon_core.verb:set package 'tugbot_slam' build argument 'ament_cmake_args' from command line to 'None'
[0.239s] Level 5:colcon.colcon_core.verb:set package 'tugbot_slam' build argument 'catkin_cmake_args' from command line to 'None'
[0.239s] Level 5:colcon.colcon_core.verb:set package 'tugbot_slam' build argument 'catkin_skip_building_tests' from command line to 'False'
[0.239s] DEBUG:colcon.colcon_core.verb:Building package 'tugbot_slam' with the following arguments: {'ament_cmake_args': None, 'build_base': '/home/omen/projet_robotique/build/tugbot_slam', 'catkin_cmake_args': None, 'catkin_skip_building_tests': False, 'cmake_args': None, 'cmake_clean_cache': False, 'cmake_clean_first': False, 'cmake_force_configure': False, 'cmake_target': None, 'cmake_target_skip_unavailable': False, 'install_base': '/home/omen/projet_robotique/install/tugbot_slam', 'merge_install': False, 'path': '/home/omen/projet_robotique/src/tugbot_slam', 'symlink_install': True, 'test_result_base': None}
[0.239s] INFO:colcon.colcon_core.executor:Executing jobs using 'parallel' executor
[0.240s] DEBUG:colcon.colcon_parallel_executor.executor.parallel:run_until_complete
[0.241s] INFO:colcon.colcon_ros.task.ament_cmake.build:Building ROS package in '/home/omen/projet_robotique/src/tugbot_description' with build type 'ament_cmake'
[0.241s] INFO:colcon.colcon_cmake.task.cmake.build:Building CMake package in '/home/omen/projet_robotique/src/tugbot_description'
[0.242s] INFO:colcon.colcon_core.plugin_system:Skipping extension 'colcon_core.shell.bat': Not used on non-Windows systems
[0.242s] INFO:colcon.colcon_core.shell:Skip shell extension 'powershell' for command environment: Not usable outside of PowerShell
[0.243s] DEBUG:colcon.colcon_core.shell:Skip shell extension 'dsv' for command environment
[0.246s] INFO:colcon.colcon_ros.task.ament_cmake.build:Building ROS package in '/home/omen/projet_robotique/src/tugbot_gazebo' with build type 'ament_cmake'
[0.247s] INFO:colcon.colcon_cmake.task.cmake.build:Building CMake package in '/home/omen/projet_robotique/src/tugbot_gazebo'
[0.247s] INFO:colcon.colcon_core.shell:Skip shell extension 'powershell' for command environment: Not usable outside of PowerShell
[0.247s] DEBUG:colcon.colcon_core.shell:Skip shell extension 'dsv' for command environment
[0.250s] INFO:colcon.colcon_ros.task.ament_cmake.build:Building ROS package in '/home/omen/projet_robotique/src/tugbot_navigation2' with build type 'ament_cmake'
[0.250s] INFO:colcon.colcon_cmake.task.cmake.build:Building CMake package in '/home/omen/projet_robotique/src/tugbot_navigation2'
[0.250s] INFO:colcon.colcon_core.shell:Skip shell extension 'powershell' for command environment: Not usable outside of PowerShell
[0.250s] DEBUG:colcon.colcon_core.shell:Skip shell extension 'dsv' for command environment
[0.253s] INFO:colcon.colcon_ros.task.ament_cmake.build:Building ROS package in '/home/omen/projet_robotique/src/tugbot_slam' with build type 'ament_cmake'
[0.253s] INFO:colcon.colcon_cmake.task.cmake.build:Building CMake package in '/home/omen/projet_robotique/src/tugbot_slam'
[0.253s] INFO:colcon.colcon_core.shell:Skip shell extension 'powershell' for command environment: Not usable outside of PowerShell
[0.253s] DEBUG:colcon.colcon_core.shell:Skip shell extension 'dsv' for command environment
[0.260s] DEBUG:colcon.colcon_core.event_handler.log_command:Invoking command in '/home/omen/projet_robotique/build/tugbot_description': CMAKE_PREFIX_PATH=${CMAKE_PREFIX_PATH}:/opt/ros/jazzy DEBUGINFOD_URLS=https://debuginfod.ubuntu.com /usr/bin/cmake --build /home/omen/projet_robotique/build/tugbot_description -- -j16 -l16
[0.264s] DEBUG:colcon.colcon_core.event_handler.log_command:Invoking command in '/home/omen/projet_robotique/build/tugbot_gazebo': CMAKE_PREFIX_PATH=${CMAKE_PREFIX_PATH}:/opt/ros/jazzy DEBUGINFOD_URLS=https://debuginfod.ubuntu.com /usr/bin/cmake --build /home/omen/projet_robotique/build/tugbot_gazebo -- -j16 -l16
[0.269s] DEBUG:colcon.colcon_core.event_handler.log_command:Invoking command in '/home/omen/projet_robotique/build/tugbot_navigation2': CMAKE_PREFIX_PATH=${CMAKE_PREFIX_PATH}:/opt/ros/jazzy DEBUGINFOD_URLS=https://debuginfod.ubuntu.com /usr/bin/cmake --build /home/omen/projet_robotique/build/tugbot_navigation2 -- -j16 -l16
[0.273s] DEBUG:colcon.colcon_core.event_handler.log_command:Invoking command in '/home/omen/projet_robotique/build/tugbot_slam': CMAKE_PREFIX_PATH=${CMAKE_PREFIX_PATH}:/opt/ros/jazzy DEBUGINFOD_URLS=https://debuginfod.ubuntu.com /usr/bin/cmake --build /home/omen/projet_robotique/build/tugbot_slam -- -j16 -l16
[0.334s] DEBUG:colcon.colcon_core.event_handler.log_command:Invoked command in '/home/omen/projet_robotique/build/tugbot_gazebo' returned '0': CMAKE_PREFIX_PATH=${CMAKE_PREFIX_PATH}:/opt/ros/jazzy DEBUGINFOD_URLS=https://debuginfod.ubuntu.com /usr/bin/cmake --build /home/omen/projet_robotique/build/tugbot_gazebo -- -j16 -l16
[0.350s] DEBUG:colcon.colcon_core.event_handler.log_command:Invoking command in '/home/omen/projet_robotique/build/tugbot_gazebo': CMAKE_PREFIX_PATH=${CMAKE_PREFIX_PATH}:/opt/ros/jazzy DEBUGINFOD_URLS=https://debuginfod.ubuntu.com /usr/bin/cmake --install /home/omen/projet_robotique/build/tugbot_gazebo
[0.353s] DEBUG:colcon.colcon_core.event_handler.log_command:Invoked command in '/home/omen/projet_robotique/build/tugbot_description' returned '0': CMAKE_PREFIX_PATH=${CMAKE_PREFIX_PATH}:/opt/ros/jazzy DEBUGINFOD_URLS=https://debuginfod.ubuntu.com /usr/bin/cmake --build /home/omen/projet_robotique/build/tugbot_description -- -j16 -l16
[0.355s] DEBUG:colcon.colcon_core.event_handler.log_command:Invoking command in '/home/omen/projet_robotique/build/tugbot_description': CMAKE_PREFIX_PATH=${CMAKE_PREFIX_PATH}:/opt/ros/jazzy DEBUGINFOD_URLS=https://debuginfod.ubuntu.com /usr/bin/cmake --install /home/omen/projet_robotique/build/tugbot_description
[0.356s] DEBUG:colcon.colcon_core.event_handler.log_command:Invoked command in '/home/omen/projet_robotique/build/tugbot_slam' returned '0': CMAKE_PREFIX_PATH=${CMAKE_PREFIX_PATH}:/opt/ros/jazzy DEBUGINFOD_URLS=https://debuginfod.ubuntu.com /usr/bin/cmake --build /home/omen/projet_robotique/build/tugbot_slam -- -j16 -l16
[0.358s] DEBUG:colcon.colcon_core.event_handler.log_command:Invoking command in '/home/omen/projet_robotique/build/tugbot_slam': CMAKE_PREFIX_PATH=${CMAKE_PREFIX_PATH}:/opt/ros/jazzy DEBUGINFOD_URLS=https://debuginfod.ubuntu.com /usr/bin/cmake --install /home/omen/projet_robotique/build/tugbot_slam
[0.358s] DEBUG:colcon.colcon_core.event_handler.log_command:Invoked command in '/home/omen/projet_robotique/build/tugbot_navigation2' returned '0': CMAKE_PREFIX_PATH=${CMAKE_PREFIX_PATH}:/opt/ros/jazzy DEBUGINFOD_URLS=https://debuginfod.ubuntu.com /usr/bin/cmake --build /home/omen/projet_robotique/build/tugbot_navigation2 -- -j16 -l16
[0.360s] DEBUG:colcon.colcon_core.event_handler.log_command:Invoking command in '/home/omen/projet_robotique/build/tugbot_navigation2': CMAKE_PREFIX_PATH=${CMAKE_PREFIX_PATH}:/opt/ros/jazzy DEBUGINFOD_URLS=https://debuginfod.ubuntu.com /usr/bin/cmake --install /home/omen/projet_robotique/build/tugbot_navigation2
[0.379s] Level 1:colcon.colcon_core.environment:create_environment_scripts_only(tugbot_gazebo)
[0.379s] DEBUG:colcon.colcon_core.event_handler.log_command:Invoked command in '/home/omen/projet_robotique/build/tugbot_gazebo' returned '0': CMAKE_PREFIX_PATH=${CMAKE_PREFIX_PATH}:/opt/ros/jazzy DEBUGINFOD_URLS=https://debuginfod.ubuntu.com /usr/bin/cmake --install /home/omen/projet_robotique/build/tugbot_gazebo
[0.385s] Level 1:colcon.colcon_core.environment:checking '/home/omen/projet_robotique/install/tugbot_gazebo' for CMake module files
[0.386s] Level 1:colcon.colcon_core.environment:checking '/home/omen/projet_robotique/install/tugbot_gazebo' for CMake config files
[0.386s] Level 1:colcon.colcon_core.shell:create_environment_hook('tugbot_gazebo', 'cmake_prefix_path')
[0.387s] INFO:colcon.colcon_core.shell:Creating environment hook '/home/omen/projet_robotique/install/tugbot_gazebo/share/tugbot_gazebo/hook/cmake_prefix_path.ps1'
[0.388s] INFO:colcon.colcon_core.shell:Creating environment descriptor '/home/omen/projet_robotique/install/tugbot_gazebo/share/tugbot_gazebo/hook/cmake_prefix_path.dsv'
[0.389s] INFO:colcon.colcon_core.shell:Creating environment hook '/home/omen/projet_robotique/install/tugbot_gazebo/share/tugbot_gazebo/hook/cmake_prefix_path.sh'
[0.390s] Level 1:colcon.colcon_core.environment:checking '/home/omen/projet_robotique/install/tugbot_gazebo/bin'
[0.390s] Level 1:colcon.colcon_core.environment:checking '/home/omen/projet_robotique/install/tugbot_gazebo/lib/pkgconfig/tugbot_gazebo.pc'
[0.391s] Level 1:colcon.colcon_core.environment:checking '/home/omen/projet_robotique/install/tugbot_gazebo/lib/python3.12/site-packages'
[0.391s] Level 1:colcon.colcon_core.environment:checking '/home/omen/projet_robotique/install/tugbot_gazebo/bin'
[0.392s] INFO:colcon.colcon_core.shell:Creating package script '/home/omen/projet_robotique/install/tugbot_gazebo/share/tugbot_gazebo/package.ps1'
[0.393s] INFO:colcon.colcon_core.shell:Creating package descriptor '/home/omen/projet_robotique/install/tugbot_gazebo/share/tugbot_gazebo/package.dsv'
[0.394s] INFO:colcon.colcon_core.shell:Creating package script '/home/omen/projet_robotique/install/tugbot_gazebo/share/tugbot_gazebo/package.sh'
[0.395s] INFO:colcon.colcon_core.shell:Creating package script '/home/omen/projet_robotique/install/tugbot_gazebo/share/tugbot_gazebo/package.bash'
[0.397s] INFO:colcon.colcon_core.shell:Creating package script '/home/omen/projet_robotique/install/tugbot_gazebo/share/tugbot_gazebo/package.zsh'
[0.397s] Level 1:colcon.colcon_core.environment:create_file_with_runtime_dependencies(/home/omen/projet_robotique/install/tugbot_gazebo/share/colcon-core/packages/tugbot_gazebo)
[0.398s] Level 1:colcon.colcon_core.environment:create_environment_scripts_only(tugbot_gazebo)
[0.398s] Level 1:colcon.colcon_core.environment:checking '/home/omen/projet_robotique/install/tugbot_gazebo' for CMake module files
[0.399s] Level 1:colcon.colcon_core.environment:checking '/home/omen/projet_robotique/install/tugbot_gazebo' for CMake config files
[0.400s] Level 1:colcon.colcon_core.shell:create_environment_hook('tugbot_gazebo', 'cmake_prefix_path')
[0.400s] INFO:colcon.colcon_core.shell:Creating environment hook '/home/omen/projet_robotique/install/tugbot_gazebo/share/tugbot_gazebo/hook/cmake_prefix_path.ps1'
[0.401s] INFO:colcon.colcon_core.shell:Creating environment descriptor '/home/omen/projet_robotique/install/tugbot_gazebo/share/tugbot_gazebo/hook/cmake_prefix_path.dsv'
[0.401s] INFO:colcon.colcon_core.shell:Creating environment hook '/home/omen/projet_robotique/install/tugbot_gazebo/share/tugbot_gazebo/hook/cmake_prefix_path.sh'
[0.402s] Level 1:colcon.colcon_core.environment:checking '/home/omen/projet_robotique/install/tugbot_gazebo/bin'
[0.402s] Level 1:colcon.colcon_core.environment:checking '/home/omen/projet_robotique/install/tugbot_gazebo/lib/pkgconfig/tugbot_gazebo.pc'
[0.403s] Level 1:colcon.colcon_core.environment:checking '/home/omen/projet_robotique/install/tugbot_gazebo/lib/python3.12/site-packages'
[0.403s] Level 1:colcon.colcon_core.environment:checking '/home/omen/projet_robotique/install/tugbot_gazebo/bin'
[0.403s] INFO:colcon.colcon_core.shell:Creating package script '/home/omen/projet_robotique/install/tugbot_gazebo/share/tugbot_gazebo/package.ps1'
[0.404s] INFO:colcon.colcon_core.shell:Creating package descriptor '/home/omen/projet_robotique/install/tugbot_gazebo/share/tugbot_gazebo/package.dsv'
[0.405s] INFO:colcon.colcon_core.shell:Creating package script '/home/omen/projet_robotique/install/tugbot_gazebo/share/tugbot_gazebo/package.sh'
[0.405s] INFO:colcon.colcon_core.shell:Creating package script '/home/omen/projet_robotique/install/tugbot_gazebo/share/tugbot_gazebo/package.bash'
[0.406s] INFO:colcon.colcon_core.shell:Creating package script '/home/omen/projet_robotique/install/tugbot_gazebo/share/tugbot_gazebo/package.zsh'
[0.406s] Level 1:colcon.colcon_core.environment:create_file_with_runtime_dependencies(/home/omen/projet_robotique/install/tugbot_gazebo/share/colcon-core/packages/tugbot_gazebo)
[0.408s] Level 1:colcon.colcon_core.environment:create_environment_scripts_only(tugbot_slam)
[0.409s] Level 1:colcon.colcon_core.environment:checking '/home/omen/projet_robotique/install/tugbot_slam' for CMake module files
[0.410s] DEBUG:colcon.colcon_core.event_handler.log_command:Invoked command in '/home/omen/projet_robotique/build/tugbot_slam' returned '0': CMAKE_PREFIX_PATH=${CMAKE_PREFIX_PATH}:/opt/ros/jazzy DEBUGINFOD_URLS=https://debuginfod.ubuntu.com /usr/bin/cmake --install /home/omen/projet_robotique/build/tugbot_slam
[0.410s] Level 1:colcon.colcon_core.environment:checking '/home/omen/projet_robotique/install/tugbot_slam' for CMake config files
[0.411s] Level 1:colcon.colcon_core.shell:create_environment_hook('tugbot_slam', 'cmake_prefix_path')
[0.411s] INFO:colcon.colcon_core.shell:Creating environment hook '/home/omen/projet_robotique/install/tugbot_slam/share/tugbot_slam/hook/cmake_prefix_path.ps1'
[0.412s] INFO:colcon.colcon_core.shell:Creating environment descriptor '/home/omen/projet_robotique/install/tugbot_slam/share/tugbot_slam/hook/cmake_prefix_path.dsv'
[0.412s] INFO:colcon.colcon_core.shell:Creating environment hook '/home/omen/projet_robotique/install/tugbot_slam/share/tugbot_slam/hook/cmake_prefix_path.sh'
[0.413s] Level 1:colcon.colcon_core.environment:checking '/home/omen/projet_robotique/install/tugbot_slam/bin'
[0.413s] Level 1:colcon.colcon_core.environment:checking '/home/omen/projet_robotique/install/tugbot_slam/lib/pkgconfig/tugbot_slam.pc'
[0.414s] Level 1:colcon.colcon_core.environment:checking '/home/omen/projet_robotique/install/tugbot_slam/lib/python3.12/site-packages'
[0.414s] Level 1:colcon.colcon_core.environment:checking '/home/omen/projet_robotique/install/tugbot_slam/bin'
[0.414s] INFO:colcon.colcon_core.shell:Creating package script '/home/omen/projet_robotique/install/tugbot_slam/share/tugbot_slam/package.ps1'
[0.415s] INFO:colcon.colcon_core.shell:Creating package descriptor '/home/omen/projet_robotique/install/tugbot_slam/share/tugbot_slam/package.dsv'
[0.416s] INFO:colcon.colcon_core.shell:Creating package script '/home/omen/projet_robotique/install/tugbot_slam/share/tugbot_slam/package.sh'
[0.417s] INFO:colcon.colcon_core.shell:Creating package script '/home/omen/projet_robotique/install/tugbot_slam/share/tugbot_slam/package.bash'
[0.417s] INFO:colcon.colcon_core.shell:Creating package script '/home/omen/projet_robotique/install/tugbot_slam/share/tugbot_slam/package.zsh'
[0.418s] Level 1:colcon.colcon_core.environment:create_file_with_runtime_dependencies(/home/omen/projet_robotique/install/tugbot_slam/share/colcon-core/packages/tugbot_slam)
[0.419s] Level 1:colcon.colcon_core.environment:create_environment_scripts_only(tugbot_slam)
[0.419s] Level 1:colcon.colcon_core.environment:checking '/home/omen/projet_robotique/install/tugbot_slam' for CMake module files
[0.420s] Level 1:colcon.colcon_core.environment:checking '/home/omen/projet_robotique/install/tugbot_slam' for CMake config files
[0.420s] Level 1:colcon.colcon_core.shell:create_environment_hook('tugbot_slam', 'cmake_prefix_path')
[0.420s] INFO:colcon.colcon_core.shell:Creating environment hook '/home/omen/projet_robotique/install/tugbot_slam/share/tugbot_slam/hook/cmake_prefix_path.ps1'
[0.421s] INFO:colcon.colcon_core.shell:Creating environment descriptor '/home/omen/projet_robotique/install/tugbot_slam/share/tugbot_slam/hook/cmake_prefix_path.dsv'
[0.422s] INFO:colcon.colcon_core.shell:Creating environment hook '/home/omen/projet_robotique/install/tugbot_slam/share/tugbot_slam/hook/cmake_prefix_path.sh'
[0.423s] Level 1:colcon.colcon_core.environment:checking '/home/omen/projet_robotique/install/tugbot_slam/bin'
[0.423s] Level 1:colcon.colcon_core.environment:checking '/home/omen/projet_robotique/install/tugbot_slam/lib/pkgconfig/tugbot_slam.pc'
[0.423s] Level 1:colcon.colcon_core.environment:checking '/home/omen/projet_robotique/install/tugbot_slam/lib/python3.12/site-packages'
[0.423s] Level 1:colcon.colcon_core.environment:checking '/home/omen/projet_robotique/install/tugbot_slam/bin'
[0.424s] INFO:colcon.colcon_core.shell:Creating package script '/home/omen/projet_robotique/install/tugbot_slam/share/tugbot_slam/package.ps1'
[0.425s] INFO:colcon.colcon_core.shell:Creating package descriptor '/home/omen/projet_robotique/install/tugbot_slam/share/tugbot_slam/package.dsv'
[0.425s] INFO:colcon.colcon_core.shell:Creating package script '/home/omen/projet_robotique/install/tugbot_slam/share/tugbot_slam/package.sh'
[0.426s] INFO:colcon.colcon_core.shell:Creating package script '/home/omen/projet_robotique/install/tugbot_slam/share/tugbot_slam/package.bash'
[0.426s] INFO:colcon.colcon_core.shell:Creating package script '/home/omen/projet_robotique/install/tugbot_slam/share/tugbot_slam/package.zsh'
[0.427s] Level 1:colcon.colcon_core.environment:create_file_with_runtime_dependencies(/home/omen/projet_robotique/install/tugbot_slam/share/colcon-core/packages/tugbot_slam)
[0.704s] Level 1:colcon.colcon_core.environment:create_environment_scripts_only(tugbot_navigation2)
[0.705s] Level 1:colcon.colcon_core.environment:checking '/home/omen/projet_robotique/install/tugbot_navigation2' for CMake module files
[0.706s] DEBUG:colcon.colcon_core.event_handler.log_command:Invoked command in '/home/omen/projet_robotique/build/tugbot_navigation2' returned '0': CMAKE_PREFIX_PATH=${CMAKE_PREFIX_PATH}:/opt/ros/jazzy DEBUGINFOD_URLS=https://debuginfod.ubuntu.com /usr/bin/cmake --install /home/omen/projet_robotique/build/tugbot_navigation2
[0.707s] Level 1:colcon.colcon_core.environment:checking '/home/omen/projet_robotique/install/tugbot_navigation2' for CMake config files
[0.708s] Level 1:colcon.colcon_core.shell:create_environment_hook('tugbot_navigation2', 'cmake_prefix_path')
[0.708s] INFO:colcon.colcon_core.shell:Creating environment hook '/home/omen/projet_robotique/install/tugbot_navigation2/share/tugbot_navigation2/hook/cmake_prefix_path.ps1'
[0.709s] INFO:colcon.colcon_core.shell:Creating environment descriptor '/home/omen/projet_robotique/install/tugbot_navigation2/share/tugbot_navigation2/hook/cmake_prefix_path.dsv'
[0.710s] INFO:colcon.colcon_core.shell:Creating environment hook '/home/omen/projet_robotique/install/tugbot_navigation2/share/tugbot_navigation2/hook/cmake_prefix_path.sh'
[0.711s] Level 1:colcon.colcon_core.environment:checking '/home/omen/projet_robotique/install/tugbot_navigation2/bin'
[0.711s] Level 1:colcon.colcon_core.environment:checking '/home/omen/projet_robotique/install/tugbot_navigation2/lib/pkgconfig/tugbot_navigation2.pc'
[0.712s] Level 1:colcon.colcon_core.environment:checking '/home/omen/projet_robotique/install/tugbot_navigation2/lib/python3.12/site-packages'
[0.712s] Level 1:colcon.colcon_core.environment:checking '/home/omen/projet_robotique/install/tugbot_navigation2/bin'
[0.713s] INFO:colcon.colcon_core.shell:Creating package script '/home/omen/projet_robotique/install/tugbot_navigation2/share/tugbot_navigation2/package.ps1'
[0.714s] INFO:colcon.colcon_core.shell:Creating package descriptor '/home/omen/projet_robotique/install/tugbot_navigation2/share/tugbot_navigation2/package.dsv'
[0.715s] INFO:colcon.colcon_core.shell:Creating package script '/home/omen/projet_robotique/install/tugbot_navigation2/share/tugbot_navigation2/package.sh'
[0.715s] INFO:colcon.colcon_core.shell:Creating package script '/home/omen/projet_robotique/install/tugbot_navigation2/share/tugbot_navigation2/package.bash'
[0.716s] INFO:colcon.colcon_core.shell:Creating package script '/home/omen/projet_robotique/install/tugbot_navigation2/share/tugbot_navigation2/package.zsh'
[0.717s] Level 1:colcon.colcon_core.environment:create_file_with_runtime_dependencies(/home/omen/projet_robotique/install/tugbot_navigation2/share/colcon-core/packages/tugbot_navigation2)
[0.717s] Level 1:colcon.colcon_core.environment:create_environment_scripts_only(tugbot_navigation2)
[0.718s] Level 1:colcon.colcon_core.environment:checking '/home/omen/projet_robotique/install/tugbot_navigation2' for CMake module files
[0.718s] Level 1:colcon.colcon_core.environment:checking '/home/omen/projet_robotique/install/tugbot_navigation2' for CMake config files
[0.719s] Level 1:colcon.colcon_core.shell:create_environment_hook('tugbot_navigation2', 'cmake_prefix_path')
[0.719s] INFO:colcon.colcon_core.shell:Creating environment hook '/home/omen/projet_robotique/install/tugbot_navigation2/share/tugbot_navigation2/hook/cmake_prefix_path.ps1'
[0.720s] INFO:colcon.colcon_core.shell:Creating environment descriptor '/home/omen/projet_robotique/install/tugbot_navigation2/share/tugbot_navigation2/hook/cmake_prefix_path.dsv'
[0.721s] INFO:colcon.colcon_core.shell:Creating environment hook '/home/omen/projet_robotique/install/tugbot_navigation2/share/tugbot_navigation2/hook/cmake_prefix_path.sh'
[0.722s] Level 1:colcon.colcon_core.environment:checking '/home/omen/projet_robotique/install/tugbot_navigation2/bin'
[0.722s] Level 1:colcon.colcon_core.environment:checking '/home/omen/projet_robotique/install/tugbot_navigation2/lib/pkgconfig/tugbot_navigation2.pc'
[0.723s] Level 1:colcon.colcon_core.environment:checking '/home/omen/projet_robotique/install/tugbot_navigation2/lib/python3.12/site-packages'
[0.724s] Level 1:colcon.colcon_core.environment:checking '/home/omen/projet_robotique/install/tugbot_navigation2/bin'
[0.724s] INFO:colcon.colcon_core.shell:Creating package script '/home/omen/projet_robotique/install/tugbot_navigation2/share/tugbot_navigation2/package.ps1'
[0.725s] INFO:colcon.colcon_core.shell:Creating package descriptor '/home/omen/projet_robotique/install/tugbot_navigation2/share/tugbot_navigation2/package.dsv'
[0.726s] INFO:colcon.colcon_core.shell:Creating package script '/home/omen/projet_robotique/install/tugbot_navigation2/share/tugbot_navigation2/package.sh'
[0.727s] INFO:colcon.colcon_core.shell:Creating package script '/home/omen/projet_robotique/install/tugbot_navigation2/share/tugbot_navigation2/package.bash'
[0.728s] INFO:colcon.colcon_core.shell:Creating package script '/home/omen/projet_robotique/install/tugbot_navigation2/share/tugbot_navigation2/package.zsh'
[0.728s] Level 1:colcon.colcon_core.environment:create_file_with_runtime_dependencies(/home/omen/projet_robotique/install/tugbot_navigation2/share/colcon-core/packages/tugbot_navigation2)
[0.960s] Level 1:colcon.colcon_core.environment:create_environment_scripts_only(tugbot_description)
[0.960s] Level 1:colcon.colcon_core.environment:checking '/home/omen/projet_robotique/install/tugbot_description' for CMake module files
[0.961s] DEBUG:colcon.colcon_core.event_handler.log_command:Invoked command in '/home/omen/projet_robotique/build/tugbot_description' returned '0': CMAKE_PREFIX_PATH=${CMAKE_PREFIX_PATH}:/opt/ros/jazzy DEBUGINFOD_URLS=https://debuginfod.ubuntu.com /usr/bin/cmake --install /home/omen/projet_robotique/build/tugbot_description
[0.962s] Level 1:colcon.colcon_core.environment:checking '/home/omen/projet_robotique/install/tugbot_description' for CMake config files
[0.964s] Level 1:colcon.colcon_core.shell:create_environment_hook('tugbot_description', 'cmake_prefix_path')
[0.964s] INFO:colcon.colcon_core.shell:Creating environment hook '/home/omen/projet_robotique/install/tugbot_description/share/tugbot_description/hook/cmake_prefix_path.ps1'
[0.966s] INFO:colcon.colcon_core.shell:Creating environment descriptor '/home/omen/projet_robotique/install/tugbot_description/share/tugbot_description/hook/cmake_prefix_path.dsv'
[0.966s] INFO:colcon.colcon_core.shell:Creating environment hook '/home/omen/projet_robotique/install/tugbot_description/share/tugbot_description/hook/cmake_prefix_path.sh'
[0.967s] Level 1:colcon.colcon_core.environment:checking '/home/omen/projet_robotique/install/tugbot_description/bin'
[0.968s] Level 1:colcon.colcon_core.environment:checking '/home/omen/projet_robotique/install/tugbot_description/lib/pkgconfig/tugbot_description.pc'
[0.968s] Level 1:colcon.colcon_core.environment:checking '/home/omen/projet_robotique/install/tugbot_description/lib/python3.12/site-packages'
[0.969s] Level 1:colcon.colcon_core.environment:checking '/home/omen/projet_robotique/install/tugbot_description/bin'
[0.969s] INFO:colcon.colcon_core.shell:Creating package script '/home/omen/projet_robotique/install/tugbot_description/share/tugbot_description/package.ps1'
[0.971s] INFO:colcon.colcon_core.shell:Creating package descriptor '/home/omen/projet_robotique/install/tugbot_description/share/tugbot_description/package.dsv'
[0.971s] INFO:colcon.colcon_core.shell:Creating package script '/home/omen/projet_robotique/install/tugbot_description/share/tugbot_description/package.sh'
[0.972s] INFO:colcon.colcon_core.shell:Creating package script '/home/omen/projet_robotique/install/tugbot_description/share/tugbot_description/package.bash'
[0.973s] INFO:colcon.colcon_core.shell:Creating package script '/home/omen/projet_robotique/install/tugbot_description/share/tugbot_description/package.zsh'
[0.973s] Level 1:colcon.colcon_core.environment:create_file_with_runtime_dependencies(/home/omen/projet_robotique/install/tugbot_description/share/colcon-core/packages/tugbot_description)
[0.974s] Level 1:colcon.colcon_core.environment:create_environment_scripts_only(tugbot_description)
[0.974s] Level 1:colcon.colcon_core.environment:checking '/home/omen/projet_robotique/install/tugbot_description' for CMake module files
[0.975s] Level 1:colcon.colcon_core.environment:checking '/home/omen/projet_robotique/install/tugbot_description' for CMake config files
[0.976s] Level 1:colcon.colcon_core.shell:create_environment_hook('tugbot_description', 'cmake_prefix_path')
[0.976s] INFO:colcon.colcon_core.shell:Creating environment hook '/home/omen/projet_robotique/install/tugbot_description/share/tugbot_description/hook/cmake_prefix_path.ps1'
[0.977s] INFO:colcon.colcon_core.shell:Creating environment descriptor '/home/omen/projet_robotique/install/tugbot_description/share/tugbot_description/hook/cmake_prefix_path.dsv'
[0.977s] INFO:colcon.colcon_core.shell:Creating environment hook '/home/omen/projet_robotique/install/tugbot_description/share/tugbot_description/hook/cmake_prefix_path.sh'
[0.978s] Level 1:colcon.colcon_core.environment:checking '/home/omen/projet_robotique/install/tugbot_description/bin'
[0.978s] Level 1:colcon.colcon_core.environment:checking '/home/omen/projet_robotique/install/tugbot_description/lib/pkgconfig/tugbot_description.pc'
[0.979s] Level 1:colcon.colcon_core.environment:checking '/home/omen/projet_robotique/install/tugbot_description/lib/python3.12/site-packages'
[0.979s] Level 1:colcon.colcon_core.environment:checking '/home/omen/projet_robotique/install/tugbot_description/bin'
[0.979s] INFO:colcon.colcon_core.shell:Creating package script '/home/omen/projet_robotique/install/tugbot_description/share/tugbot_description/package.ps1'
[0.980s] INFO:colcon.colcon_core.shell:Creating package descriptor '/home/omen/projet_robotique/install/tugbot_description/share/tugbot_description/package.dsv'
[0.981s] INFO:colcon.colcon_core.shell:Creating package script '/home/omen/projet_robotique/install/tugbot_description/share/tugbot_description/package.sh'
[0.981s] INFO:colcon.colcon_core.shell:Creating package script '/home/omen/projet_robotique/install/tugbot_description/share/tugbot_description/package.bash'
[0.981s] INFO:colcon.colcon_core.shell:Creating package script '/home/omen/projet_robotique/install/tugbot_description/share/tugbot_description/package.zsh'
[0.982s] Level 1:colcon.colcon_core.environment:create_file_with_runtime_dependencies(/home/omen/projet_robotique/install/tugbot_description/share/colcon-core/packages/tugbot_description)
[0.982s] DEBUG:colcon.colcon_parallel_executor.executor.parallel:closing loop
[0.982s] DEBUG:colcon.colcon_parallel_executor.executor.parallel:loop closed
[0.982s] DEBUG:colcon.colcon_parallel_executor.executor.parallel:run_until_complete finished with '0'
[0.982s] DEBUG:colcon.colcon_core.event_reactor:joining thread
[0.995s] INFO:colcon.colcon_core.plugin_system:Skipping extension 'colcon_notification.desktop_notification.terminal_notifier': Not used on non-Darwin systems
[0.996s] INFO:colcon.colcon_core.plugin_system:Skipping extension 'colcon_notification.desktop_notification.win32': Not used on non-Windows systems
[0.996s] INFO:colcon.colcon_notification.desktop_notification:Sending desktop notification using 'notify2'
[1.021s] DEBUG:colcon.colcon_core.event_reactor:joined thread
[1.021s] INFO:colcon.colcon_core.shell:Creating prefix script '/home/omen/projet_robotique/install/local_setup.ps1'
[1.023s] INFO:colcon.colcon_core.shell:Creating prefix util module '/home/omen/projet_robotique/install/_local_setup_util_ps1.py'
[1.025s] INFO:colcon.colcon_core.shell:Creating prefix chain script '/home/omen/projet_robotique/install/setup.ps1'
[1.027s] INFO:colcon.colcon_core.shell:Creating prefix script '/home/omen/projet_robotique/install/local_setup.sh'
[1.028s] INFO:colcon.colcon_core.shell:Creating prefix util module '/home/omen/projet_robotique/install/_local_setup_util_sh.py'
[1.028s] INFO:colcon.colcon_core.shell:Creating prefix chain script '/home/omen/projet_robotique/install/setup.sh'
[1.030s] INFO:colcon.colcon_core.shell:Creating prefix script '/home/omen/projet_robotique/install/local_setup.bash'
[1.030s] INFO:colcon.colcon_core.shell:Creating prefix chain script '/home/omen/projet_robotique/install/setup.bash'
[1.032s] INFO:colcon.colcon_core.shell:Creating prefix script '/home/omen/projet_robotique/install/local_setup.zsh'
[1.033s] INFO:colcon.colcon_core.shell:Creating prefix chain script '/home/omen/projet_robotique/install/setup.zsh'
