-- Install configuration: ""
-- Execute custom install script
-- Up-to-date symlink: /home/omen/projet_robotique/install/tugbot_gazebo/share/tugbot_gazebo//launch/ign_ros2_bridge.launch.py
-- Up-to-date symlink: /home/omen/projet_robotique/install/tugbot_gazebo/share/tugbot_gazebo//launch/tugbot_depot.launch.py
-- Up-to-date symlink: /home/omen/projet_robotique/install/tugbot_gazebo/share/tugbot_gazebo//worlds/tugbot_depot.sdf
-- Up-to-date symlink: /home/omen/projet_robotique/install/tugbot_gazebo/share/ament_index/resource_index/package_run_dependencies/tugbot_gazebo
-- Up-to-date symlink: /home/omen/projet_robotique/install/tugbot_gazebo/share/ament_index/resource_index/parent_prefix_path/tugbot_gazebo
-- Up-to-date symlink: /home/omen/projet_robotique/install/tugbot_gazebo/share/tugbot_gazebo/environment/ament_prefix_path.sh
-- Up-to-date symlink: /home/omen/projet_robotique/install/tugbot_gazebo/share/tugbot_gazebo/environment/ament_prefix_path.dsv
-- Up-to-date symlink: /home/omen/projet_robotique/install/tugbot_gazebo/share/tugbot_gazebo/environment/path.sh
-- Up-to-date symlink: /home/omen/projet_robotique/install/tugbot_gazebo/share/tugbot_gazebo/environment/path.dsv
-- Up-to-date symlink: /home/omen/projet_robotique/install/tugbot_gazebo/share/tugbot_gazebo/local_setup.bash
-- Up-to-date symlink: /home/omen/projet_robotique/install/tugbot_gazebo/share/tugbot_gazebo/local_setup.sh
-- Up-to-date symlink: /home/omen/projet_robotique/install/tugbot_gazebo/share/tugbot_gazebo/local_setup.zsh
-- Up-to-date symlink: /home/omen/projet_robotique/install/tugbot_gazebo/share/tugbot_gazebo/local_setup.dsv
-- Up-to-date symlink: /home/omen/projet_robotique/install/tugbot_gazebo/share/tugbot_gazebo/package.dsv
-- Up-to-date symlink: /home/omen/projet_robotique/install/tugbot_gazebo/share/ament_index/resource_index/packages/tugbot_gazebo
-- Up-to-date symlink: /home/omen/projet_robotique/install/tugbot_gazebo/share/tugbot_gazebo/cmake/tugbot_gazeboConfig.cmake
-- Up-to-date symlink: /home/omen/projet_robotique/install/tugbot_gazebo/share/tugbot_gazebo/cmake/tugbot_gazeboConfig-version.cmake
-- Up-to-date symlink: /home/omen/projet_robotique/install/tugbot_gazebo/share/tugbot_gazebo/package.xml
